<?xml version="1.0" encoding="UTF-8"?>
<testng-results ignored="0" total="1" passed="1" failed="0" skipped="0">
  <reporter-output>
  </reporter-output>
  <suite started-at="2020-11-15T16:43:49Z" name="Default suite" finished-at="2020-11-15T16:44:26Z" duration-ms="37190">
    <groups>
    </groups>
    <test started-at="2020-11-15T16:43:49Z" name="Default test" finished-at="2020-11-15T16:44:26Z" duration-ms="37190">
      <class name="com.webautomationv1.testCases.TC_LoginTest">
        <test-method is-config="true" signature="setup()[pri:0, instance:com.webautomationv1.testCases.TC_LoginTest@a1cdc6d]" started-at="2020-11-15T16:43:49Z" name="setup" finished-at="2020-11-15T16:44:16Z" duration-ms="26801" status="PASS">
          <reporter-output>
          </reporter-output>
        </test-method> <!-- setup -->
        <test-method signature="loginTest()[pri:0, instance:com.webautomationv1.testCases.TC_LoginTest@a1cdc6d]" started-at="2020-11-15T16:44:16Z" name="loginTest" finished-at="2020-11-15T16:44:25Z" duration-ms="9493" status="PASS">
          <reporter-output>
          </reporter-output>
        </test-method> <!-- loginTest -->
        <test-method is-config="true" signature="tearDown()[pri:0, instance:com.webautomationv1.testCases.TC_LoginTest@a1cdc6d]" started-at="2020-11-15T16:44:25Z" name="tearDown" finished-at="2020-11-15T16:44:26Z" duration-ms="869" status="PASS">
          <reporter-output>
          </reporter-output>
        </test-method> <!-- tearDown -->
      </class> <!-- com.webautomationv1.testCases.TC_LoginTest -->
    </test> <!-- Default test -->
  </suite> <!-- Default suite -->
</testng-results>
